0 info it worked if it ends with ok
1 verbose cli [ 'node', '/usr/local/bin/npm', 'publish', './' ]
2 info using npm@2.1.10
3 info using node@v0.10.33
4 verbose node symlink /usr/local/bin/node
5 verbose publish [ './' ]
6 silly cache add args [ './', null ]
7 verbose cache add spec ./
8 silly cache add parsed spec { raw: './',
8 silly cache add   scope: null,
8 silly cache add   name: null,
8 silly cache add   rawSpec: './',
8 silly cache add   spec: '/Users/jreed/javadev/homebridge-myq',
8 silly cache add   type: 'directory' }
9 verbose tar pack [ '/Users/jreed/.npm/homebridge-myq/1.1.0/package.tgz',
9 verbose tar pack   '/Users/jreed/javadev/homebridge-myq' ]
10 verbose tarball /Users/jreed/.npm/homebridge-myq/1.1.0/package.tgz
11 verbose folder /Users/jreed/javadev/homebridge-myq
12 info prepublish homebridge-myq@1.1.0
13 verbose addLocalTarball adding from inside cache /Users/jreed/.npm/homebridge-myq/1.1.0/package.tgz
14 silly cache afterAdd homebridge-myq@1.1.0
15 verbose afterAdd /Users/jreed/.npm/homebridge-myq/1.1.0/package/package.json not in flight; writing
16 verbose afterAdd /Users/jreed/.npm/homebridge-myq/1.1.0/package/package.json written
17 silly publish { name: 'homebridge-myq',
17 silly publish   version: '1.1.0',
17 silly publish   description: 'Chamberlain MyQ Garage plugin for homebridge: https://github.com/nfarina/homebridge',
17 silly publish   license: 'ISC',
17 silly publish   keywords: [ 'homebridge-plugin' ],
17 silly publish   repository:
17 silly publish    { type: 'git',
17 silly publish      url: 'git@github.com:chanomie/homebridge-myq.git' },
17 silly publish   bugs: { url: 'https://github.com/chanomie/homebridge-myq/issues' },
17 silly publish   engines: { node: '>=0.12.0', homebridge: '>=0.2.0' },
17 silly publish   dependencies: { request: '^2.65.0' },
17 silly publish   scripts: {},
17 silly publish   readme: '# homebridge-myq\nHomebridge Plug for Chamberlain MyQ Garage Door\n\n# Installation\n * Install homebridge using: npm install -g homebridge\n * Install this plugin using: npm install -g homebridge-myq\n * Update your configuration file. See the sample below.\n\n# Configuration\n\nAdd the token to your config and restart homebridge.  Make sure to update the username\nand password the values you have set in the App.\n\n```\n    "platforms": [\n       {\n         "platform": "MyQ",\n         "name": "MyQ",\n         "MyQApplicationId": "NWknvuBd7LoFHfXmKNMBcgajXtZEgKUh4V7WNzMidrpUUluDpVYVZx+xT4PCM5Kx",\n         "UserAgent": "Chamberlain/2793 (iPhone; iOS 9.3; Scale/2.00)",\n         "BrandId": "2",\n         "culture": "en",\n         "username": "myusername@example.com",\n         "password": "supersecretpassword",\n         "loglevel":"0"\n       }\n    ],\n```\n\n\n# MyQ API\n\n## validatewithculture\n\nThe initial request is used to validate the connection with MyQ servers.\n\n### Required Headers\n\n* \'Content-Type\': \'application/json\',\n* \'User-Agent\': \'Chamberlain/2793 (iPhone; iOS 9.3; Scale/2.00)\',\n* \'BrandId\' - my BrandId is "2" for the garage I have.\n* \'Culture\' - my culture is \'en\' - maybe others are supported?\n* \'MyQApplicationId\': "NWknvuBd7LoFHfXmKNMBcgajXtZEgKUh4V7WNzMidrpUUluDpVYVZx+xT4PCM5Kx"\n   I think this is a hardcoded value representing the iOS app.\n* \'SecurityToken\' - self.SecurityToken\n\n### URL Paramaters\n\n* \'appId\': self.MyQApplicationId,\n* \'SecurityToken\': self.SecurityToken,\n* \'username\': self.username,\n* \'password\': self.password,\n* \'culture\': self.culture\n\n\n',
17 silly publish   readmeFilename: 'README.md',
17 silly publish   gitHead: '1b6dafa08954ccaf51973bf0ebbe3bb422e11d53',
17 silly publish   homepage: 'https://github.com/chanomie/homebridge-myq',
17 silly publish   _id: 'homebridge-myq@1.1.0',
17 silly publish   _shasum: '2b77f7e9c3804955e1614f74daecff110624f8b2',
17 silly publish   _from: '.' }
18 silly mapToRegistry name homebridge-myq
19 silly mapToRegistry using default registry
20 silly mapToRegistry registry https://registry.npmjs.org/
21 silly mapToRegistry uri https://registry.npmjs.org/homebridge-myq
22 verbose publish registryBase https://registry.npmjs.org/
23 silly publish uploading /Users/jreed/.npm/homebridge-myq/1.1.0/package.tgz
24 verbose request uri https://registry.npmjs.org/homebridge-myq
25 verbose request sending authorization for write operation
26 info attempt registry request try #1 at 22:52:43
27 verbose request using bearer token for auth
28 verbose request id faf2d52454448801
29 http request PUT https://registry.npmjs.org/homebridge-myq
30 http 403 https://registry.npmjs.org/homebridge-myq
31 verbose headers { 'content-type': 'application/json',
31 verbose headers   'cache-control': 'max-age=300',
31 verbose headers   'content-length': '128',
31 verbose headers   'accept-ranges': 'bytes',
31 verbose headers   date: 'Mon, 01 Feb 2016 06:52:41 GMT',
31 verbose headers   via: '1.1 varnish',
31 verbose headers   connection: 'keep-alive',
31 verbose headers   'x-served-by': 'cache-sjc3133-SJC',
31 verbose headers   'x-cache': 'MISS',
31 verbose headers   'x-cache-hits': '0',
31 verbose headers   'x-timer': 'S1454309561.577202,VS0,VE266' }
32 verbose request invalidating /Users/jreed/.npm/registry.npmjs.org/homebridge-myq on PUT
33 error publish Failed PUT 403
34 verbose stack Error: "You cannot publish over the previously published version 1.1.0. Try bumping the version to 2.0.0" : homebridge-myq
34 verbose stack     at CachingRegistryClient.<anonymous> (/usr/local/lib/node_modules/npm/node_modules/npm-registry-client/lib/request.js:234:14)
34 verbose stack     at Request._callback (/usr/local/lib/node_modules/npm/node_modules/npm-registry-client/lib/request.js:172:14)
34 verbose stack     at Request.self.callback (/usr/local/lib/node_modules/npm/node_modules/request/request.js:372:22)
34 verbose stack     at Request.emit (events.js:98:17)
34 verbose stack     at Request.<anonymous> (/usr/local/lib/node_modules/npm/node_modules/request/request.js:1317:14)
34 verbose stack     at Request.emit (events.js:117:20)
34 verbose stack     at IncomingMessage.<anonymous> (/usr/local/lib/node_modules/npm/node_modules/request/request.js:1265:12)
34 verbose stack     at IncomingMessage.emit (events.js:117:20)
34 verbose stack     at _stream_readable.js:943:16
34 verbose stack     at process._tickCallback (node.js:419:13)
35 verbose statusCode 403
36 verbose pkgid homebridge-myq
37 verbose cwd /Users/jreed/javadev/homebridge-myq
38 error Darwin 15.0.0
39 error argv "node" "/usr/local/bin/npm" "publish" "./"
40 error node v0.10.33
41 error npm  v2.1.10
42 error code E403
43 error "You cannot publish over the previously published version 1.1.0. Try bumping the version to 2.0.0" : homebridge-myq
44 error If you need help, you may report this error at:
44 error     <http://github.com/npm/npm/issues>
45 verbose exit [ 1, true ]
